

Started GET "/" for ::1 at 2016-09-28 14:53:20 -0700

ActionController::RoutingError (uninitialized constant PostsController):
  activesupport (4.2.7) lib/active_support/inflector/methods.rb:261:in `const_get'
  activesupport (4.2.7) lib/active_support/inflector/methods.rb:261:in `block in constantize'
  activesupport (4.2.7) lib/active_support/inflector/methods.rb:259:in `each'
  activesupport (4.2.7) lib/active_support/inflector/methods.rb:259:in `inject'
  activesupport (4.2.7) lib/active_support/inflector/methods.rb:259:in `constantize'
  actionpack (4.2.7) lib/action_dispatch/routing/route_set.rb:70:in `controller_reference'
  actionpack (4.2.7) lib/action_dispatch/routing/route_set.rb:60:in `controller'
  actionpack (4.2.7) lib/action_dispatch/routing/route_set.rb:39:in `serve'
  actionpack (4.2.7) lib/action_dispatch/journey/router.rb:43:in `block in serve'
  actionpack (4.2.7) lib/action_dispatch/journey/router.rb:30:in `each'
  actionpack (4.2.7) lib/action_dispatch/journey/router.rb:30:in `serve'
  actionpack (4.2.7) lib/action_dispatch/routing/route_set.rb:817:in `call'
  rack (1.6.4) lib/rack/etag.rb:24:in `call'
  rack (1.6.4) lib/rack/conditionalget.rb:25:in `call'
  rack (1.6.4) lib/rack/head.rb:13:in `call'
  actionpack (4.2.7) lib/action_dispatch/middleware/params_parser.rb:27:in `call'
  actionpack (4.2.7) lib/action_dispatch/middleware/flash.rb:260:in `call'
  rack (1.6.4) lib/rack/session/abstract/id.rb:225:in `context'
  rack (1.6.4) lib/rack/session/abstract/id.rb:220:in `call'
  actionpack (4.2.7) lib/action_dispatch/middleware/cookies.rb:560:in `call'
  activerecord (4.2.7) lib/active_record/query_cache.rb:36:in `call'
  activerecord (4.2.7) lib/active_record/connection_adapters/abstract/connection_pool.rb:653:in `call'
  activerecord (4.2.7) lib/active_record/migration.rb:377:in `call'
  actionpack (4.2.7) lib/action_dispatch/middleware/callbacks.rb:29:in `block in call'
  activesupport (4.2.7) lib/active_support/callbacks.rb:88:in `__run_callbacks__'
  activesupport (4.2.7) lib/active_support/callbacks.rb:778:in `_run_call_callbacks'
  activesupport (4.2.7) lib/active_support/callbacks.rb:81:in `run_callbacks'
  actionpack (4.2.7) lib/action_dispatch/middleware/callbacks.rb:27:in `call'
  actionpack (4.2.7) lib/action_dispatch/middleware/reloader.rb:73:in `call'
  actionpack (4.2.7) lib/action_dispatch/middleware/remote_ip.rb:78:in `call'
  actionpack (4.2.7) lib/action_dispatch/middleware/debug_exceptions.rb:17:in `call'
  web-console (2.3.0) lib/web_console/middleware.rb:28:in `block in call'
  web-console (2.3.0) lib/web_console/middleware.rb:18:in `catch'
  web-console (2.3.0) lib/web_console/middleware.rb:18:in `call'
  actionpack (4.2.7) lib/action_dispatch/middleware/show_exceptions.rb:30:in `call'
  railties (4.2.7) lib/rails/rack/logger.rb:38:in `call_app'
  railties (4.2.7) lib/rails/rack/logger.rb:20:in `block in call'
  activesupport (4.2.7) lib/active_support/tagged_logging.rb:68:in `block in tagged'
  activesupport (4.2.7) lib/active_support/tagged_logging.rb:26:in `tagged'
  activesupport (4.2.7) lib/active_support/tagged_logging.rb:68:in `tagged'
  railties (4.2.7) lib/rails/rack/logger.rb:20:in `call'
  actionpack (4.2.7) lib/action_dispatch/middleware/request_id.rb:21:in `call'
  rack (1.6.4) lib/rack/methodoverride.rb:22:in `call'
  rack (1.6.4) lib/rack/runtime.rb:18:in `call'
  activesupport (4.2.7) lib/active_support/cache/strategy/local_cache_middleware.rb:28:in `call'
  rack (1.6.4) lib/rack/lock.rb:17:in `call'
  actionpack (4.2.7) lib/action_dispatch/middleware/static.rb:120:in `call'
  rack (1.6.4) lib/rack/sendfile.rb:113:in `call'
  railties (4.2.7) lib/rails/engine.rb:518:in `call'
  railties (4.2.7) lib/rails/application.rb:165:in `call'
  rack (1.6.4) lib/rack/lock.rb:17:in `call'
  rack (1.6.4) lib/rack/content_length.rb:15:in `call'
  rack (1.6.4) lib/rack/handler/webrick.rb:88:in `service'
  /Users/sabrinawilbert/.rvm/rubies/ruby-2.3.0/lib/ruby/2.3.0/webrick/httpserver.rb:140:in `service'
  /Users/sabrinawilbert/.rvm/rubies/ruby-2.3.0/lib/ruby/2.3.0/webrick/httpserver.rb:96:in `run'
  /Users/sabrinawilbert/.rvm/rubies/ruby-2.3.0/lib/ruby/2.3.0/webrick/server.rb:296:in `block in start_thread'


  Rendered /Users/sabrinawilbert/.rvm/gems/ruby-2.3.0@rails_gemset/gems/actionpack-4.2.7/lib/action_dispatch/middleware/templates/rescues/_trace.html.erb (1.4ms)
  Rendered /Users/sabrinawilbert/.rvm/gems/ruby-2.3.0@rails_gemset/gems/actionpack-4.2.7/lib/action_dispatch/middleware/templates/routes/_route.html.erb (0.8ms)
  Rendered /Users/sabrinawilbert/.rvm/gems/ruby-2.3.0@rails_gemset/gems/actionpack-4.2.7/lib/action_dispatch/middleware/templates/routes/_table.html.erb (11.3ms)
  Rendered /Users/sabrinawilbert/.rvm/gems/ruby-2.3.0@rails_gemset/gems/actionpack-4.2.7/lib/action_dispatch/middleware/templates/rescues/_request_and_response.html.erb (10.4ms)
  Rendered /Users/sabrinawilbert/.rvm/gems/ruby-2.3.0@rails_gemset/gems/actionpack-4.2.7/lib/action_dispatch/middleware/templates/rescues/routing_error.html.erb within rescues/layout (86.0ms)
  Rendered /Users/sabrinawilbert/.rvm/gems/ruby-2.3.0@rails_gemset/gems/web-console-2.3.0/lib/web_console/templates/_markup.html.erb (0.4ms)
  Rendered /Users/sabrinawilbert/.rvm/gems/ruby-2.3.0@rails_gemset/gems/web-console-2.3.0/lib/web_console/templates/_inner_console_markup.html.erb within layouts/inlined_string (0.3ms)
  Rendered /Users/sabrinawilbert/.rvm/gems/ruby-2.3.0@rails_gemset/gems/web-console-2.3.0/lib/web_console/templates/_prompt_box_markup.html.erb within layouts/inlined_string (0.3ms)
  Rendered /Users/sabrinawilbert/.rvm/gems/ruby-2.3.0@rails_gemset/gems/web-console-2.3.0/lib/web_console/templates/style.css.erb within layouts/inlined_string (0.3ms)
  Rendered /Users/sabrinawilbert/.rvm/gems/ruby-2.3.0@rails_gemset/gems/web-console-2.3.0/lib/web_console/templates/console.js.erb within layouts/javascript (54.8ms)
  Rendered /Users/sabrinawilbert/.rvm/gems/ruby-2.3.0@rails_gemset/gems/web-console-2.3.0/lib/web_console/templates/main.js.erb within layouts/javascript (0.5ms)
  Rendered /Users/sabrinawilbert/.rvm/gems/ruby-2.3.0@rails_gemset/gems/web-console-2.3.0/lib/web_console/templates/error_page.js.erb within layouts/javascript (0.4ms)
  Rendered /Users/sabrinawilbert/.rvm/gems/ruby-2.3.0@rails_gemset/gems/web-console-2.3.0/lib/web_console/templates/index.html.erb (115.6ms)


Started GET "/" for ::1 at 2016-09-28 14:55:02 -0700
Processing by TasksController#index as HTML
Completed 500 Internal Server Error in 4ms (ActiveRecord: 0.0ms)

NoMethodError (undefined method `allpost' for TasksController:Class
Did you mean?  allocate):
  app/controllers/tasks_controller.rb:3:in `index'


  Rendered /Users/sabrinawilbert/.rvm/gems/ruby-2.3.0@rails_gemset/gems/actionpack-4.2.7/lib/action_dispatch/middleware/templates/rescues/_source.erb (4.0ms)
  Rendered /Users/sabrinawilbert/.rvm/gems/ruby-2.3.0@rails_gemset/gems/actionpack-4.2.7/lib/action_dispatch/middleware/templates/rescues/_trace.html.erb (1.9ms)
  Rendered /Users/sabrinawilbert/.rvm/gems/ruby-2.3.0@rails_gemset/gems/actionpack-4.2.7/lib/action_dispatch/middleware/templates/rescues/_request_and_response.html.erb (1.0ms)
  Rendered /Users/sabrinawilbert/.rvm/gems/ruby-2.3.0@rails_gemset/gems/actionpack-4.2.7/lib/action_dispatch/middleware/templates/rescues/diagnostics.html.erb within rescues/layout (50.5ms)
  Rendered /Users/sabrinawilbert/.rvm/gems/ruby-2.3.0@rails_gemset/gems/web-console-2.3.0/lib/web_console/templates/_markup.html.erb (0.3ms)
  Rendered /Users/sabrinawilbert/.rvm/gems/ruby-2.3.0@rails_gemset/gems/web-console-2.3.0/lib/web_console/templates/_inner_console_markup.html.erb within layouts/inlined_string (0.5ms)
  Rendered /Users/sabrinawilbert/.rvm/gems/ruby-2.3.0@rails_gemset/gems/web-console-2.3.0/lib/web_console/templates/_prompt_box_markup.html.erb within layouts/inlined_string (0.3ms)
  Rendered /Users/sabrinawilbert/.rvm/gems/ruby-2.3.0@rails_gemset/gems/web-console-2.3.0/lib/web_console/templates/style.css.erb within layouts/inlined_string (0.3ms)
  Rendered /Users/sabrinawilbert/.rvm/gems/ruby-2.3.0@rails_gemset/gems/web-console-2.3.0/lib/web_console/templates/console.js.erb within layouts/javascript (45.1ms)
  Rendered /Users/sabrinawilbert/.rvm/gems/ruby-2.3.0@rails_gemset/gems/web-console-2.3.0/lib/web_console/templates/main.js.erb within layouts/javascript (0.3ms)
  Rendered /Users/sabrinawilbert/.rvm/gems/ruby-2.3.0@rails_gemset/gems/web-console-2.3.0/lib/web_console/templates/error_page.js.erb within layouts/javascript (0.4ms)
  Rendered /Users/sabrinawilbert/.rvm/gems/ruby-2.3.0@rails_gemset/gems/web-console-2.3.0/lib/web_console/templates/index.html.erb (95.4ms)


Started GET "/" for ::1 at 2016-09-28 14:55:43 -0700
Processing by TasksController#index as HTML
  Rendered tasks/index.html.erb within layouts/application (0.7ms)
Completed 200 OK in 466ms (Views: 465.9ms | ActiveRecord: 0.0ms)


Started GET "/assets/tasks.self-e3b0c44298fc1c149afbf4c8996fb92427ae41e4649b934ca495991b7852b855.css?body=1" for ::1 at 2016-09-28 14:55:43 -0700


Started GET "/assets/tasks.self-877aef30ae1b040ab8a3aba4e3e309a11d7f2612f44dde450b5c157aa5f95c05.js?body=1" for ::1 at 2016-09-28 14:55:43 -0700


Started GET "/assets/application.self-3b8dabdc891efe46b9a144b400ad69e37d7e5876bdc39dee783419a69d7ca819.js?body=1" for ::1 at 2016-09-28 14:55:43 -0700


Started GET "/assets/application.self-e80e8f2318043e8af94dddc2adad5a4f09739a8ebb323b3ab31cd71d45fd9113.css?body=1" for ::1 at 2016-09-28 14:55:43 -0700


Started GET "/assets/jquery_ujs.self-784a997f6726036b1993eb2217c9cb558e1cbb801c6da88105588c56f13b466a.js?body=1" for ::1 at 2016-09-28 14:55:43 -0700


Started GET "/assets/jquery.self-bd7ddd393353a8d2480a622e80342adf488fb6006d667e8b42e4c0073393abee.js?body=1" for ::1 at 2016-09-28 14:55:43 -0700


Started GET "/assets/turbolinks.self-c5acd7a204f5f25ce7a1d8a0e4d92e28d34c9e2df2c7371cd7af88e147e4ad82.js?body=1" for ::1 at 2016-09-28 14:55:43 -0700


Started GET "/tasks/show/1" for ::1 at 2016-09-28 14:56:30 -0700
Processing by TasksController#show as HTML
  Parameters: {"id"=>"1"}
  Rendered tasks/show.html.erb within layouts/application (2.0ms)
Completed 200 OK in 36ms (Views: 32.7ms | ActiveRecord: 0.0ms)


Started GET "/tasks/index" for ::1 at 2016-09-28 14:57:03 -0700
Processing by TasksController#index as HTML
  Rendered tasks/index.html.erb within layouts/application (0.6ms)
Completed 200 OK in 24ms (Views: 23.4ms | ActiveRecord: 0.0ms)


Started GET "/tasks/show/1" for ::1 at 2016-09-28 14:57:21 -0700
Processing by TasksController#show as HTML
  Parameters: {"id"=>"1"}
  Rendered tasks/show.html.erb within layouts/application (1.1ms)
Completed 200 OK in 30ms (Views: 29.4ms | ActiveRecord: 0.0ms)


Started GET "/tasks/show/2" for ::1 at 2016-09-28 14:57:24 -0700
Processing by TasksController#show as HTML
  Parameters: {"id"=>"2"}
  Rendered tasks/show.html.erb within layouts/application (1.9ms)
Completed 200 OK in 33ms (Views: 32.1ms | ActiveRecord: 0.0ms)


Started GET "/tasks/show/2" for ::1 at 2016-09-28 14:59:22 -0700
Processing by TasksController#show as HTML
  Parameters: {"id"=>"2"}
  Rendered tasks/show.html.erb within layouts/application (0.5ms)
Completed 200 OK in 21ms (Views: 20.4ms | ActiveRecord: 0.0ms)


Started GET "/tasks/show/1" for ::1 at 2016-09-28 14:59:23 -0700
Processing by TasksController#show as HTML
  Parameters: {"id"=>"1"}
  Rendered tasks/show.html.erb within layouts/application (1.1ms)
Completed 200 OK in 25ms (Views: 24.1ms | ActiveRecord: 0.0ms)


Started GET "/" for ::1 at 2016-09-28 15:04:17 -0700
Processing by TasksController#index as HTML
  Rendered tasks/index.html.erb within layouts/application (0.2ms)
Completed 200 OK in 16ms (Views: 15.6ms | ActiveRecord: 0.0ms)


Started GET "/tasks/show/1" for ::1 at 2016-09-28 15:04:24 -0700
Processing by TasksController#show as HTML
  Parameters: {"id"=>"1"}
  Rendered tasks/show.html.erb within layouts/application (35.5ms)
Completed 500 Internal Server Error in 39ms (ActiveRecord: 0.0ms)

ActionView::Template::Error (undefined local variable or method `task' for #<#<Class:0x007ffb7ace0888>:0x007ffb8110a700>
Did you mean?  @tasks):
    1: <h1>My Tasks List</h1>
    2: 
    3:   <article>
    4:     <h2> <%= link_to(task[:title], show_path(task[:id])) %>
    5:       <h3> <%= task[:description] %><h3>
    6:         <p> <%= task[:completed_at] %></p>
    7:         <p><%= link_to('Edit', edit_path(@mytask[:id])) %></p>
  app/views/tasks/show.html.erb:4:in `_app_views_tasks_show_html_erb__1605777014866120747_70359089433080'


  Rendered /Users/sabrinawilbert/.rvm/gems/ruby-2.3.0@rails_gemset/gems/actionpack-4.2.7/lib/action_dispatch/middleware/templates/rescues/_source.erb (5.2ms)
  Rendered /Users/sabrinawilbert/.rvm/gems/ruby-2.3.0@rails_gemset/gems/actionpack-4.2.7/lib/action_dispatch/middleware/templates/rescues/_trace.html.erb (2.1ms)
  Rendered /Users/sabrinawilbert/.rvm/gems/ruby-2.3.0@rails_gemset/gems/actionpack-4.2.7/lib/action_dispatch/middleware/templates/rescues/_request_and_response.html.erb (0.8ms)
  Rendered /Users/sabrinawilbert/.rvm/gems/ruby-2.3.0@rails_gemset/gems/actionpack-4.2.7/lib/action_dispatch/middleware/templates/rescues/template_error.html.erb within rescues/layout (49.4ms)
  Rendered /Users/sabrinawilbert/.rvm/gems/ruby-2.3.0@rails_gemset/gems/web-console-2.3.0/lib/web_console/templates/_markup.html.erb (0.4ms)
  Rendered /Users/sabrinawilbert/.rvm/gems/ruby-2.3.0@rails_gemset/gems/web-console-2.3.0/lib/web_console/templates/_inner_console_markup.html.erb within layouts/inlined_string (0.5ms)
  Rendered /Users/sabrinawilbert/.rvm/gems/ruby-2.3.0@rails_gemset/gems/web-console-2.3.0/lib/web_console/templates/_prompt_box_markup.html.erb within layouts/inlined_string (0.3ms)
  Rendered /Users/sabrinawilbert/.rvm/gems/ruby-2.3.0@rails_gemset/gems/web-console-2.3.0/lib/web_console/templates/style.css.erb within layouts/inlined_string (0.3ms)
  Rendered /Users/sabrinawilbert/.rvm/gems/ruby-2.3.0@rails_gemset/gems/web-console-2.3.0/lib/web_console/templates/console.js.erb within layouts/javascript (43.2ms)
  Rendered /Users/sabrinawilbert/.rvm/gems/ruby-2.3.0@rails_gemset/gems/web-console-2.3.0/lib/web_console/templates/main.js.erb within layouts/javascript (0.4ms)
  Rendered /Users/sabrinawilbert/.rvm/gems/ruby-2.3.0@rails_gemset/gems/web-console-2.3.0/lib/web_console/templates/error_page.js.erb within layouts/javascript (0.4ms)
  Rendered /Users/sabrinawilbert/.rvm/gems/ruby-2.3.0@rails_gemset/gems/web-console-2.3.0/lib/web_console/templates/index.html.erb (99.4ms)


Started GET "/" for ::1 at 2016-09-28 15:05:42 -0700
Processing by TasksController#index as HTML
  Rendered tasks/index.html.erb within layouts/application (0.3ms)
Completed 200 OK in 12ms (Views: 11.2ms | ActiveRecord: 0.0ms)


Started GET "/tasks/show/1" for ::1 at 2016-09-28 15:05:48 -0700
Processing by TasksController#show as HTML
  Parameters: {"id"=>"1"}
  Rendered tasks/show.html.erb within layouts/application (33.3ms)
Completed 500 Internal Server Error in 37ms (ActiveRecord: 0.0ms)

ActionView::Template::Error (undefined local variable or method `task' for #<#<Class:0x007ffb7ace0888>:0x007ffb7fe22c28>
Did you mean?  @tasks):
    1: <h1>My Tasks List</h1>
    2: 
    3:   <article>
    4:     <h2> <%= link_to(task[:title]) %></h2>
    5:       <h3> <%= task[:description] %><h3>
    6:         <p> <%= task[:completed_at] %></p>
    7:         <p><%= link_to('Edit', edit_path(@mytask[:id])) %></p>
  app/views/tasks/show.html.erb:4:in `_app_views_tasks_show_html_erb__1605777014866120747_70359079521020'


  Rendered /Users/sabrinawilbert/.rvm/gems/ruby-2.3.0@rails_gemset/gems/actionpack-4.2.7/lib/action_dispatch/middleware/templates/rescues/_source.erb (5.1ms)
  Rendered /Users/sabrinawilbert/.rvm/gems/ruby-2.3.0@rails_gemset/gems/actionpack-4.2.7/lib/action_dispatch/middleware/templates/rescues/_trace.html.erb (3.9ms)
  Rendered /Users/sabrinawilbert/.rvm/gems/ruby-2.3.0@rails_gemset/gems/actionpack-4.2.7/lib/action_dispatch/middleware/templates/rescues/_request_and_response.html.erb (0.9ms)
  Rendered /Users/sabrinawilbert/.rvm/gems/ruby-2.3.0@rails_gemset/gems/actionpack-4.2.7/lib/action_dispatch/middleware/templates/rescues/template_error.html.erb within rescues/layout (52.3ms)
  Rendered /Users/sabrinawilbert/.rvm/gems/ruby-2.3.0@rails_gemset/gems/web-console-2.3.0/lib/web_console/templates/_markup.html.erb (0.4ms)
  Rendered /Users/sabrinawilbert/.rvm/gems/ruby-2.3.0@rails_gemset/gems/web-console-2.3.0/lib/web_console/templates/_inner_console_markup.html.erb within layouts/inlined_string (0.3ms)
  Rendered /Users/sabrinawilbert/.rvm/gems/ruby-2.3.0@rails_gemset/gems/web-console-2.3.0/lib/web_console/templates/_prompt_box_markup.html.erb within layouts/inlined_string (0.4ms)
  Rendered /Users/sabrinawilbert/.rvm/gems/ruby-2.3.0@rails_gemset/gems/web-console-2.3.0/lib/web_console/templates/style.css.erb within layouts/inlined_string (0.5ms)
  Rendered /Users/sabrinawilbert/.rvm/gems/ruby-2.3.0@rails_gemset/gems/web-console-2.3.0/lib/web_console/templates/console.js.erb within layouts/javascript (44.0ms)
  Rendered /Users/sabrinawilbert/.rvm/gems/ruby-2.3.0@rails_gemset/gems/web-console-2.3.0/lib/web_console/templates/main.js.erb within layouts/javascript (0.3ms)
  Rendered /Users/sabrinawilbert/.rvm/gems/ruby-2.3.0@rails_gemset/gems/web-console-2.3.0/lib/web_console/templates/error_page.js.erb within layouts/javascript (0.3ms)
  Rendered /Users/sabrinawilbert/.rvm/gems/ruby-2.3.0@rails_gemset/gems/web-console-2.3.0/lib/web_console/templates/index.html.erb (92.1ms)


Started GET "/tasks/show/1" for ::1 at 2016-09-28 15:08:14 -0700
Processing by TasksController#show as HTML
  Parameters: {"id"=>"1"}
  Rendered tasks/show.html.erb within layouts/application (0.9ms)
Completed 200 OK in 14ms (Views: 13.7ms | ActiveRecord: 0.0ms)


Started GET "/assets/tasks.self-e3b0c44298fc1c149afbf4c8996fb92427ae41e4649b934ca495991b7852b855.css?body=1" for ::1 at 2016-09-28 15:08:14 -0700


Started GET "/assets/jquery.self-bd7ddd393353a8d2480a622e80342adf488fb6006d667e8b42e4c0073393abee.js?body=1" for ::1 at 2016-09-28 15:08:14 -0700


Started GET "/assets/application.self-e80e8f2318043e8af94dddc2adad5a4f09739a8ebb323b3ab31cd71d45fd9113.css?body=1" for ::1 at 2016-09-28 15:08:14 -0700


Started GET "/assets/turbolinks.self-c5acd7a204f5f25ce7a1d8a0e4d92e28d34c9e2df2c7371cd7af88e147e4ad82.js?body=1" for ::1 at 2016-09-28 15:08:14 -0700


Started GET "/assets/application.self-3b8dabdc891efe46b9a144b400ad69e37d7e5876bdc39dee783419a69d7ca819.js?body=1" for ::1 at 2016-09-28 15:08:14 -0700


Started GET "/assets/tasks.self-877aef30ae1b040ab8a3aba4e3e309a11d7f2612f44dde450b5c157aa5f95c05.js?body=1" for ::1 at 2016-09-28 15:08:14 -0700


Started GET "/assets/jquery_ujs.self-784a997f6726036b1993eb2217c9cb558e1cbb801c6da88105588c56f13b466a.js?body=1" for ::1 at 2016-09-28 15:08:15 -0700


Started GET "/tasks/1/edit" for ::1 at 2016-09-28 15:08:26 -0700
Processing by TasksController#edit as HTML
  Parameters: {"id"=>"1"}
  Rendered tasks/edit.html.erb within layouts/application (0.7ms)
Completed 200 OK in 29ms (Views: 28.2ms | ActiveRecord: 0.0ms)


Started GET "/tasks/1/destroy" for ::1 at 2016-09-28 15:08:35 -0700
Processing by TasksController#destroy as HTML
  Parameters: {"id"=>"1"}
  Rendered tasks/destroy.html.erb within layouts/application (2.9ms)
Completed 200 OK in 28ms (Views: 27.1ms | ActiveRecord: 0.0ms)


Started GET "/tasks/1/edit" for ::1 at 2016-09-28 15:08:43 -0700
Processing by TasksController#edit as HTML
  Parameters: {"id"=>"1"}
  Rendered tasks/edit.html.erb within layouts/application (0.1ms)
Completed 200 OK in 30ms (Views: 29.7ms | ActiveRecord: 0.0ms)


Started GET "/tasks/show/1" for ::1 at 2016-09-28 15:12:22 -0700
Processing by TasksController#show as HTML
  Parameters: {"id"=>"1"}
  Rendered tasks/show.html.erb within layouts/application (2.6ms)
Completed 200 OK in 209ms (Views: 201.5ms | ActiveRecord: 0.0ms)


Started GET "/" for ::1 at 2016-09-28 15:12:23 -0700
Processing by TasksController#index as HTML
  Rendered tasks/index.html.erb within layouts/application (1.2ms)
Completed 200 OK in 38ms (Views: 37.3ms | ActiveRecord: 0.0ms)


Started GET "/assets/application.self-e80e8f2318043e8af94dddc2adad5a4f09739a8ebb323b3ab31cd71d45fd9113.css?body=1" for ::1 at 2016-09-28 15:12:23 -0700


Started GET "/assets/jquery_ujs.self-784a997f6726036b1993eb2217c9cb558e1cbb801c6da88105588c56f13b466a.js?body=1" for ::1 at 2016-09-28 15:12:23 -0700


Started GET "/assets/tasks.self-e3b0c44298fc1c149afbf4c8996fb92427ae41e4649b934ca495991b7852b855.css?body=1" for ::1 at 2016-09-28 15:12:23 -0700


Started GET "/assets/jquery.self-bd7ddd393353a8d2480a622e80342adf488fb6006d667e8b42e4c0073393abee.js?body=1" for ::1 at 2016-09-28 15:12:23 -0700


Started GET "/assets/application.self-3b8dabdc891efe46b9a144b400ad69e37d7e5876bdc39dee783419a69d7ca819.js?body=1" for ::1 at 2016-09-28 15:12:23 -0700


Started GET "/assets/tasks.self-877aef30ae1b040ab8a3aba4e3e309a11d7f2612f44dde450b5c157aa5f95c05.js?body=1" for ::1 at 2016-09-28 15:12:23 -0700


Started GET "/assets/turbolinks.self-c5acd7a204f5f25ce7a1d8a0e4d92e28d34c9e2df2c7371cd7af88e147e4ad82.js?body=1" for ::1 at 2016-09-28 15:12:23 -0700
  [1m[36m (0.8ms)[0m  [1mCREATE TABLE "schema_migrations" ("version" varchar NOT NULL) [0m
  [1m[35m (0.1ms)[0m  select sqlite_version(*)
  [1m[36m (0.6ms)[0m  [1mCREATE UNIQUE INDEX "unique_schema_migrations" ON "schema_migrations" ("version")[0m
  [1m[35mActiveRecord::SchemaMigration Load (0.1ms)[0m  SELECT "schema_migrations".* FROM "schema_migrations"
Migrating to CreateTasks (20160928223908)
  [1m[36m (0.1ms)[0m  [1mbegin transaction[0m
  [1m[35m (0.3ms)[0m  CREATE TABLE "tasks" ("id" INTEGER PRIMARY KEY AUTOINCREMENT NOT NULL, "title" varchar, "description" text, "completed_at" datetime, "created_at" datetime NOT NULL, "updated_at" datetime NOT NULL) 
  [1m[36mSQL (0.2ms)[0m  [1mINSERT INTO "schema_migrations" ("version") VALUES (?)[0m  [["version", "20160928223908"]]
  [1m[35m (0.5ms)[0m  commit transaction
  [1m[36mActiveRecord::SchemaMigration Load (0.1ms)[0m  [1mSELECT "schema_migrations".* FROM "schema_migrations"[0m
